{
  "RSpec": {
    "coverage": {
      "/Users/mulgogi/src/mn/coradoc/coradoc-markdown/lib/coradoc/markdown.rb": {
        "lines": [
          null,
          null,
          null,
          null,
          null,
          null,
          null,
          null,
          null,
          null,
          null,
          null,
          null,
          null,
          null,
          null,
          null,
          null,
          null,
          null,
          1,
          1,
          null,
          1,
          1,
          null,
          1,
          null,
          null,
          1,
          1,
          1,
          1,
          1,
          1,
          1,
          1,
          1,
          1,
          1,
          1,
          1,
          1,
          1,
          1,
          1,
          1,
          1,
          1,
          1,
          1,
          1,
          1,
          1,
          null,
          null,
          1,
          null,
          null,
          1,
          null,
          null,
          1,
          null,
          null,
          1,
          1,
          1,
          null,
          null,
          null,
          1,
          1,
          1,
          1,
          1,
          1,
          null,
          null,
          null,
          1,
          null,
          null,
          1,
          null,
          1,
          0,
          null,
          null,
          null,
          1,
          0,
          null,
          null,
          null,
          1,
          0,
          null,
          null,
          null,
          1,
          null,
          null,
          null,
          null,
          null,
          1,
          224,
          224,
          null,
          null,
          null,
          null,
          null,
          null,
          1,
          0,
          null,
          null,
          null,
          null,
          null,
          null,
          null,
          1,
          0,
          0,
          null,
          null,
          null,
          null,
          null,
          null,
          1,
          0,
          null,
          null,
          null,
          null,
          null,
          null,
          null,
          1,
          0,
          null,
          null,
          null,
          null,
          null,
          null,
          1,
          0,
          null,
          1,
          null,
          null,
          null,
          null,
          null,
          1,
          0,
          0,
          null,
          null,
          null,
          null,
          null,
          null,
          1,
          0,
          null,
          null,
          null,
          null,
          null,
          1,
          null
        ]
      },
      "/Users/mulgogi/src/mn/coradoc/coradoc-markdown/lib/coradoc/markdown/parser/ast_processor.rb": {
        "lines": [
          null,
          null,
          1,
          null,
          1,
          1,
          1,
          null,
          null,
          null,
          null,
          null,
          null,
          null,
          1,
          null,
          1,
          null,
          null,
          null,
          1,
          null,
          null,
          null,
          null,
          null,
          1,
          96,
          null,
          96,
          96,
          96,
          null,
          null,
          null,
          null,
          1,
          3,
          null,
          3,
          3,
          null,
          null,
          3,
          null,
          3,
          5,
          5,
          null,
          3,
          null,
          3,
          3,
          null,
          null,
          2,
          2,
          null,
          null,
          null,
          3,
          null,
          null,
          null,
          null,
          null,
          null,
          1,
          3,
          null,
          3,
          null,
          3,
          3,
          3,
          null,
          null,
          1,
          null,
          null,
          1,
          737,
          null,
          369,
          null,
          423,
          null,
          null,
          79,
          null,
          106,
          null,
          null,
          null,
          null,
          1,
          423,
          null,
          423,
          472,
          null,
          null,
          218,
          null,
          null,
          49,
          null,
          null,
          67,
          null,
          null,
          0,
          null,
          null,
          0,
          null,
          null,
          0,
          null,
          138,
          null,
          null,
          null,
          423,
          null,
          null,
          null,
          1,
          0,
          null,
          0,
          0,
          null,
          null,
          null,
          null,
          null,
          null,
          null,
          1,
          0,
          null,
          0,
          0,
          0,
          null,
          0,
          0,
          0,
          0,
          0,
          0,
          null,
          0,
          null,
          null,
          null,
          null,
          null,
          1,
          264,
          null,
          264,
          null,
          null,
          264,
          null,
          264,
          null,
          null,
          null,
          null,
          1,
          67,
          null,
          67,
          null,
          null,
          21,
          null,
          null,
          46,
          46,
          null,
          46,
          0,
          0,
          0,
          0,
          null,
          null,
          46,
          null,
          0,
          null,
          null,
          null,
          null,
          null,
          1,
          21,
          null,
          21,
          48,
          null,
          null,
          48,
          48,
          null,
          48,
          0,
          0,
          null,
          0,
          0,
          null,
          0,
          0,
          null,
          null,
          null,
          null,
          48,
          null,
          null,
          null,
          21,
          null,
          21,
          null,
          null,
          null,
          null,
          1,
          0,
          null,
          0,
          null,
          null,
          0,
          null,
          null,
          null,
          null,
          null,
          1,
          343,
          null,
          null,
          343,
          9,
          null,
          null,
          null,
          null,
          null,
          1,
          96,
          null,
          96,
          null,
          96,
          null,
          null,
          null,
          1,
          452,
          null,
          null,
          124,
          124,
          222,
          222,
          null,
          0,
          null,
          222,
          null,
          null,
          124,
          null,
          299,
          null,
          29,
          null,
          null,
          null,
          null,
          1,
          null,
          299,
          null,
          null,
          280,
          52,
          52,
          52,
          null,
          null,
          228,
          null,
          228,
          228,
          null,
          null,
          94,
          94,
          null,
          94,
          null,
          94,
          0,
          null,
          0,
          null,
          0,
          null,
          0,
          null,
          0,
          null,
          0,
          null,
          null,
          0,
          null,
          null,
          null,
          67,
          null,
          67,
          null,
          null,
          null,
          228,
          null,
          null,
          null,
          1,
          94,
          null,
          94,
          null,
          null,
          94,
          null,
          null,
          null,
          94,
          94,
          null,
          null,
          94,
          null,
          null,
          94,
          null,
          94,
          null,
          1,
          null,
          1,
          null,
          null,
          93,
          93,
          null,
          null,
          null,
          0,
          null,
          null,
          null,
          null,
          null,
          null,
          null,
          null,
          1,
          94,
          null,
          null,
          null,
          94,
          null,
          94,
          0,
          0,
          0,
          0,
          0,
          null,
          0,
          null,
          null,
          0,
          null,
          null,
          0,
          null,
          null,
          0,
          null,
          null,
          0,
          null,
          null,
          null,
          0,
          0,
          0,
          0,
          null,
          null,
          null,
          null,
          1,
          null,
          null,
          1,
          0,
          null,
          null,
          0,
          null,
          null,
          null,
          0,
          0,
          null,
          0,
          null,
          null,
          0,
          null,
          0,
          null,
          null,
          null,
          null,
          1,
          0,
          null,
          0,
          0,
          0,
          0,
          0,
          0,
          0,
          0,
          null,
          0,
          null,
          null,
          0,
          null,
          0,
          null,
          null,
          null,
          null,
          1,
          null,
          null,
          0,
          null,
          null,
          null,
          1,
          102,
          null,
          1,
          0,
          null,
          9,
          null,
          100,
          null,
          null,
          null,
          null,
          1,
          101,
          null,
          0,
          0,
          0,
          0,
          0,
          0,
          0,
          0,
          null,
          0,
          null,
          null,
          9,
          null,
          100,
          null,
          null,
          null,
          null,
          1,
          197,
          null,
          197,
          null,
          95,
          94,
          null,
          9,
          null,
          null,
          null,
          102,
          1,
          101,
          101,
          0,
          0,
          null,
          0,
          null,
          null,
          0,
          null,
          null,
          null,
          null,
          null,
          null,
          null
        ]
      },
      "/Users/mulgogi/src/mn/coradoc/coradoc-markdown/lib/coradoc/markdown/parser/inline_parser.rb": {
        "lines": [
          null,
          null,
          1,
          1,
          null,
          1,
          1,
          1,
          1,
          1,
          null,
          1,
          1,
          1,
          52,
          52,
          null,
          1,
          0,
          0,
          null,
          0,
          null,
          0,
          null,
          null,
          1,
          0,
          null,
          null,
          1,
          0,
          null,
          null,
          1,
          0,
          null,
          null,
          1,
          0,
          0,
          0,
          null,
          0,
          null,
          null,
          52,
          1,
          51,
          null,
          1,
          51,
          null,
          null,
          1,
          51,
          null,
          52,
          52,
          null,
          1,
          51,
          null,
          null,
          1,
          51,
          null,
          null,
          1,
          1,
          null,
          null,
          null,
          1,
          51,
          null,
          null,
          1,
          51,
          null,
          null,
          51,
          null,
          null,
          null,
          51,
          null,
          null,
          null,
          null,
          null,
          null,
          1,
          null,
          null,
          51,
          null,
          null,
          51,
          null,
          null,
          null,
          null,
          null,
          1,
          51,
          null,
          null,
          51,
          null,
          51,
          null,
          51,
          null,
          null,
          null,
          null,
          null,
          1,
          51,
          null,
          null,
          1,
          51,
          null,
          null,
          1,
          51,
          null,
          null,
          1,
          51,
          null,
          null,
          1,
          51,
          null,
          null,
          1,
          51,
          null,
          null,
          52,
          null,
          52,
          null,
          1,
          null,
          1,
          3,
          2,
          null,
          0,
          null,
          null,
          1,
          10,
          1,
          null,
          0,
          null,
          null,
          1,
          1,
          1,
          null,
          0,
          0,
          null,
          null,
          1,
          95,
          104,
          9,
          null,
          7,
          null,
          95,
          null,
          null,
          null,
          null,
          1,
          94,
          94,
          103,
          null,
          103,
          103,
          2,
          2,
          2,
          null,
          103,
          null,
          9,
          null,
          9,
          9,
          9,
          9,
          9,
          9,
          null,
          null,
          null,
          94,
          null,
          null,
          1,
          94,
          94,
          94,
          198,
          null,
          null,
          null,
          1,
          1,
          null,
          null,
          1,
          1,
          null,
          1,
          1,
          null,
          null,
          1,
          1,
          1,
          null,
          1,
          null,
          1,
          1,
          1,
          1,
          null,
          3,
          null,
          1,
          1,
          1,
          1,
          null,
          null,
          1,
          1,
          null,
          null,
          null,
          0,
          0,
          0,
          null,
          0,
          null,
          null,
          null,
          null,
          null,
          94,
          null,
          null,
          null,
          null,
          1,
          94,
          null,
          null,
          null,
          null,
          null
        ]
      },
      "/Users/mulgogi/src/mn/coradoc/coradoc-markdown/lib/coradoc/markdown/parser/parslet_extras.rb": {
        "lines": [
          null,
          null,
          1,
          1,
          null,
          1,
          1,
          1,
          1,
          1,
          1,
          null,
          4286,
          null,
          null,
          1,
          4286,
          4286,
          null,
          null,
          1,
          0,
          null,
          null,
          1,
          0,
          null,
          null,
          null,
          1,
          1,
          null,
          1,
          6489,
          null,
          null,
          1,
          0,
          null,
          null,
          1,
          0,
          0,
          0,
          null,
          null,
          null,
          1,
          1,
          7609,
          null,
          null,
          1,
          0,
          null,
          null,
          1,
          0,
          0,
          null,
          null,
          null,
          null,
          1,
          1,
          null,
          1,
          1901,
          null,
          1901,
          1901,
          null,
          null,
          1,
          2933,
          null,
          2933,
          null,
          120,
          null,
          null,
          1,
          1789,
          null,
          null,
          null,
          1,
          1,
          null,
          1,
          154,
          null,
          154,
          154,
          null,
          null,
          1,
          1,
          null,
          1,
          null,
          0,
          null,
          null,
          1,
          154,
          null,
          null,
          null,
          1,
          1,
          1,
          1,
          null,
          1,
          664,
          null,
          null,
          664,
          664,
          664,
          null,
          null,
          1,
          2228,
          null,
          null,
          null,
          null,
          null,
          1,
          4935,
          4935,
          649,
          null,
          465,
          null,
          4286,
          4286,
          null,
          4286,
          null,
          4286,
          2351,
          null,
          1342,
          null,
          1935,
          null,
          421,
          null,
          null,
          4935,
          null,
          null,
          1,
          1372,
          1372,
          null,
          null,
          null,
          null,
          1,
          1,
          1,
          1,
          null,
          1,
          0,
          0,
          null,
          null,
          1,
          0,
          null,
          null,
          1,
          0,
          null,
          null,
          1,
          0,
          null,
          null,
          null,
          null,
          null,
          1,
          1,
          0,
          null,
          1,
          null,
          null,
          1,
          1,
          1901,
          null,
          null,
          1,
          154,
          null,
          null,
          1,
          357,
          null,
          null,
          1,
          307,
          null,
          null,
          null,
          null,
          null,
          null
        ]
      },
      "/Users/mulgogi/src/mn/coradoc/coradoc-markdown/lib/coradoc/markdown/parser/html_entities.rb": {
        "lines": [
          null,
          null,
          null,
          null,
          null,
          null,
          null,
          null,
          null,
          null,
          null,
          null,
          null,
          null,
          1,
          1,
          1,
          null,
          null,
          1,
          null,
          null,
          null,
          null,
          null,
          null,
          null,
          null,
          null,
          null,
          null,
          null,
          null,
          null,
          null,
          null,
          null,
          null,
          null,
          null,
          null,
          null,
          null,
          null,
          null,
          null,
          null,
          null,
          null,
          null,
          null,
          null,
          null,
          null,
          null,
          null,
          null,
          null,
          null,
          null,
          null,
          null,
          null,
          null,
          null,
          null,
          null,
          null,
          null,
          null,
          null,
          null,
          null,
          null,
          null,
          null,
          null,
          null,
          null,
          null,
          null,
          null,
          null,
          null,
          null,
          null,
          null,
          null,
          null,
          null,
          null,
          null,
          null,
          null,
          null,
          null,
          null,
          null,
          null,
          null,
          null,
          null,
          null,
          null,
          null,
          null,
          null,
          null,
          null,
          null,
          null,
          null,
          null,
          null,
          null,
          null,
          null,
          null,
          null,
          null,
          null,
          null,
          null,
          null,
          null,
          null,
          null,
          null,
          null,
          null,
          null,
          null,
          null,
          null,
          null,
          null,
          null,
          null,
          null,
          null,
          null,
          null,
          null,
          null,
          null,
          null,
          null,
          null,
          null,
          null,
          null,
          null,
          null,
          null,
          null,
          null,
          null,
          null,
          null,
          null,
          null,
          null,
          null,
          null,
          null,
          null,
          null,
          null,
          null,
          null,
          null,
          null,
          null,
          null,
          null,
          null,
          null,
          null,
          null,
          null,
          null,
          null,
          null,
          null,
          null,
          null,
          null,
          null,
          null,
          null,
          null,
          null,
          null,
          null,
          null,
          null,
          null,
          null,
          null,
          null,
          null,
          null,
          null,
          null,
          null,
          null,
          null,
          null,
          null,
          null,
          null,
          null,
          null,
          null,
          null,
          null,
          null,
          null,
          null,
          null,
          null,
          null,
          null,
          null,
          null,
          null,
          null,
          null,
          null,
          null,
          null,
          null,
          null,
          null,
          null,
          null,
          null,
          null,
          null,
          null,
          null,
          null,
          null,
          null,
          null,
          null,
          null,
          null,
          null,
          null,
          null,
          null,
          null,
          null,
          null,
          null,
          null,
          null,
          null,
          null,
          null,
          null,
          null,
          null,
          null,
          null,
          null,
          null,
          null,
          null,
          null,
          null,
          null,
          null,
          null,
          null,
          null,
          null,
          null,
          null,
          null,
          null,
          null,
          null,
          null,
          null,
          null,
          null,
          null,
          null,
          null,
          null,
          null,
          null,
          null,
          null,
          null,
          null,
          null,
          null,
          null,
          null,
          null,
          null,
          null,
          null,
          null,
          null,
          null,
          null,
          null,
          null,
          null,
          null,
          null,
          null,
          null,
          null,
          null,
          null,
          null,
          null,
          null,
          null,
          null,
          null,
          null,
          null,
          null,
          null,
          null,
          null,
          null,
          null,
          null,
          null,
          null,
          null,
          null,
          null,
          null,
          null,
          null,
          null,
          null,
          null,
          null,
          null,
          null,
          null,
          null,
          null,
          null,
          null,
          null,
          null,
          null,
          null,
          null,
          null,
          null,
          null,
          null,
          null,
          null,
          null,
          null,
          null,
          null,
          null,
          null,
          null,
          null,
          null,
          null,
          null,
          null,
          null,
          null,
          null,
          null,
          null,
          null,
          null,
          null,
          null,
          null,
          null,
          null,
          null,
          null,
          null,
          null,
          null,
          null,
          null,
          null,
          null,
          null,
          null,
          null,
          null,
          null,
          null,
          null,
          null,
          null,
          null,
          null,
          null,
          null,
          null,
          null,
          null,
          null,
          null,
          null,
          null,
          null,
          null,
          null,
          null,
          null,
          null,
          null,
          null,
          null,
          null,
          null,
          null,
          null,
          null,
          null,
          null,
          null,
          null,
          null,
          null,
          null,
          null,
          null,
          null,
          null,
          null,
          null,
          null,
          null,
          null,
          null,
          null,
          null,
          null,
          null,
          null,
          null,
          null,
          null,
          null,
          null,
          null,
          null,
          null,
          null,
          null,
          null,
          null,
          null,
          null,
          null,
          null,
          null,
          null,
          null,
          null,
          null,
          null,
          null,
          null,
          null,
          null,
          null,
          null,
          null,
          null,
          null,
          null,
          null,
          null,
          null,
          null,
          null,
          null,
          null,
          null,
          null,
          null,
          null,
          null,
          null,
          null,
          null,
          null,
          null,
          null,
          null,
          null,
          null,
          null,
          null,
          null,
          null,
          null,
          null,
          null,
          null,
          null,
          null,
          null,
          null,
          null,
          null,
          null,
          null,
          null,
          null,
          null,
          null,
          null,
          null,
          null,
          null,
          null,
          null,
          null,
          null,
          null,
          null,
          null,
          null,
          null,
          null,
          null,
          null,
          null,
          null,
          null,
          null,
          null,
          null,
          null,
          null,
          null,
          null,
          null,
          null,
          null,
          null,
          null,
          null,
          null,
          null,
          null,
          null,
          null,
          null,
          null,
          null,
          null,
          null,
          null,
          null,
          null,
          null,
          null,
          null,
          null,
          null,
          null,
          null,
          null,
          null,
          null,
          null,
          null,
          null,
          null,
          null,
          null,
          null,
          null,
          null,
          null,
          null,
          null,
          null,
          null,
          null,
          null,
          null,
          null,
          null,
          null,
          null,
          null,
          null,
          null,
          null,
          null,
          null,
          null,
          null,
          null,
          null,
          null,
          null,
          null,
          null,
          null,
          null,
          null,
          null,
          null,
          null,
          null,
          null,
          null,
          null,
          null,
          null,
          null,
          null,
          null,
          null,
          null,
          null,
          null,
          null,
          null,
          null,
          null,
          null,
          null,
          null,
          null,
          null,
          null,
          null,
          null,
          null,
          null,
          null,
          null,
          null,
          null,
          null,
          null,
          null,
          null,
          null,
          null,
          null,
          null,
          null,
          null,
          null,
          null,
          null,
          null,
          null,
          null,
          null,
          null,
          null,
          null,
          null,
          null,
          null,
          null,
          null,
          null,
          null,
          null,
          null,
          null,
          null,
          null,
          null,
          null,
          null,
          null,
          null,
          null,
          null,
          null,
          null,
          null,
          null,
          null,
          null,
          null,
          null,
          null,
          null,
          null,
          null,
          null,
          null,
          null,
          null,
          null,
          null,
          null,
          null,
          null,
          null,
          null,
          null,
          null,
          null,
          null,
          null,
          null,
          null,
          null,
          null,
          null,
          null,
          null,
          null,
          null,
          null,
          null,
          null,
          null,
          null,
          null,
          null,
          null,
          null,
          null,
          null,
          null,
          null,
          null,
          null,
          null,
          null,
          null,
          null,
          null,
          null,
          null,
          null,
          null,
          null,
          null,
          null,
          null,
          null,
          null,
          null,
          null,
          null,
          null,
          null,
          null,
          null,
          null,
          null,
          null,
          null,
          null,
          null,
          null,
          null,
          null,
          null,
          null,
          null,
          null,
          null,
          null,
          null,
          null,
          null,
          null,
          null,
          null,
          null,
          null,
          null,
          null,
          null,
          null,
          null,
          null,
          null,
          null,
          null,
          null,
          null,
          null,
          null,
          null,
          null,
          null,
          null,
          null,
          null,
          null,
          null,
          null,
          null,
          null,
          null,
          null,
          null,
          null,
          null,
          null,
          null,
          null,
          null,
          null,
          null,
          null,
          null,
          null,
          null,
          null,
          null,
          null,
          null,
          null,
          null,
          null,
          null,
          null,
          null,
          null,
          null,
          null,
          null,
          null,
          null,
          null,
          null,
          null,
          null,
          null,
          null,
          null,
          null,
          null,
          null,
          null,
          null,
          null,
          null,
          null,
          null,
          null,
          null,
          null,
          null,
          null,
          null,
          null,
          null,
          null,
          null,
          null,
          null,
          null,
          null,
          null,
          null,
          null,
          null,
          null,
          null,
          null,
          null,
          null,
          null,
          null,
          null,
          null,
          null,
          null,
          null,
          null,
          null,
          null,
          null,
          null,
          null,
          null,
          null,
          null,
          null,
          null,
          null,
          null,
          null,
          null,
          null,
          null,
          null,
          null,
          null,
          null,
          null,
          null,
          null,
          null,
          null,
          null,
          null,
          null,
          null,
          null,
          null,
          null,
          null,
          null,
          null,
          null,
          null,
          null,
          null,
          null,
          null,
          null,
          null,
          null,
          null,
          null,
          null,
          null,
          null,
          null,
          null,
          null,
          null,
          null,
          null,
          null,
          null,
          null,
          null,
          null,
          null,
          null,
          null,
          null,
          null,
          null,
          null,
          null,
          null,
          null,
          null,
          null,
          null,
          null,
          null,
          null,
          null,
          null,
          null,
          null,
          null,
          null,
          null,
          null,
          null,
          null,
          null,
          null,
          null,
          null,
          null,
          null,
          null,
          null,
          null,
          null,
          null,
          null,
          null,
          null,
          null,
          null,
          null,
          null,
          null,
          null,
          null,
          null,
          null,
          null,
          null,
          null,
          null,
          null,
          null,
          null,
          null,
          null,
          null,
          null,
          null,
          null,
          null,
          null,
          null,
          null,
          null,
          null,
          null,
          null,
          null,
          null,
          null,
          null,
          null,
          null,
          null,
          null,
          null,
          null,
          null,
          null,
          null,
          null,
          null,
          null,
          null,
          null,
          null,
          null,
          null,
          null,
          null,
          null,
          null,
          null,
          null,
          null,
          null,
          null,
          null,
          null,
          null,
          null,
          null,
          null,
          null,
          null,
          null,
          null,
          null,
          null,
          null,
          null,
          null,
          null,
          null,
          null,
          null,
          null,
          null,
          null,
          null,
          null,
          null,
          null,
          null,
          null,
          null,
          null,
          null,
          null,
          null,
          null,
          null,
          null,
          null,
          null,
          null,
          null,
          null,
          null,
          null,
          null,
          null,
          null,
          null,
          null,
          null,
          null,
          null,
          null,
          null,
          null,
          null,
          null,
          null,
          null,
          null,
          null,
          null,
          null,
          null,
          null,
          null,
          null,
          null,
          null,
          null,
          null,
          null,
          null,
          null,
          null,
          null,
          null,
          null,
          null,
          null,
          null,
          null,
          null,
          null,
          null,
          null,
          null,
          null,
          null,
          null,
          null,
          null,
          null,
          null,
          null,
          null,
          null,
          null,
          null,
          null,
          null,
          null,
          null,
          null,
          null,
          null,
          null,
          null,
          null,
          null,
          null,
          null,
          null,
          null,
          null,
          null,
          null,
          null,
          null,
          null,
          null,
          null,
          null,
          null,
          null,
          null,
          null,
          null,
          null,
          null,
          null,
          null,
          null,
          null,
          null,
          null,
          null,
          null,
          null,
          null,
          null,
          null,
          null,
          null,
          null,
          null,
          null,
          null,
          null,
          null,
          null,
          null,
          null,
          null,
          null,
          null,
          null,
          null,
          null,
          null,
          null,
          null,
          null,
          null,
          null,
          null,
          null,
          null,
          null,
          null,
          null,
          null,
          null,
          null,
          null,
          null,
          null,
          null,
          null,
          null,
          null,
          null,
          null,
          null,
          null,
          null,
          null,
          null,
          null,
          null,
          null,
          null,
          null,
          null,
          null,
          null,
          null,
          null,
          null,
          null,
          null,
          null,
          null,
          null,
          null,
          null,
          null,
          null,
          null,
          null,
          null,
          null,
          null,
          null,
          null,
          null,
          null,
          null,
          null,
          null,
          null,
          null,
          null,
          null,
          null,
          null,
          null,
          null,
          null,
          null,
          null,
          null,
          null,
          null,
          null,
          null,
          null,
          null,
          null,
          null,
          null,
          null,
          null,
          null,
          null,
          null,
          null,
          null,
          null,
          null,
          null,
          null,
          null,
          null,
          null,
          null,
          null,
          null,
          null,
          null,
          null,
          null,
          null,
          null,
          null,
          null,
          null,
          null,
          null,
          null,
          null,
          null,
          null,
          null,
          null,
          null,
          null,
          null,
          null,
          null,
          null,
          null,
          null,
          null,
          null,
          null,
          null,
          null,
          null,
          null,
          null,
          null,
          null,
          null,
          null,
          null,
          null,
          null,
          null,
          null,
          null,
          null,
          null,
          null,
          null,
          null,
          null,
          null,
          null,
          null,
          null,
          null,
          null,
          null,
          null,
          null,
          null,
          null,
          null,
          null,
          null,
          null,
          null,
          null,
          null,
          null,
          null,
          null,
          null,
          null,
          null,
          null,
          null,
          null,
          null,
          null,
          null,
          null,
          null,
          null,
          null,
          null,
          null,
          null,
          null,
          null,
          null,
          null,
          null,
          null,
          null,
          null,
          null,
          null,
          null,
          null,
          null,
          null,
          null,
          null,
          null,
          null,
          null,
          null,
          null,
          null,
          null,
          null,
          null,
          null,
          null,
          null,
          null,
          null,
          null,
          null,
          null,
          null,
          null,
          null,
          null,
          null,
          null,
          null,
          null,
          null,
          null,
          null,
          null,
          null,
          null,
          null,
          null,
          null,
          null,
          null,
          null,
          null,
          null,
          null,
          null,
          null,
          null,
          null,
          null,
          null,
          null,
          null,
          null,
          null,
          null,
          null,
          null,
          null,
          null,
          null,
          null,
          null,
          null,
          null,
          null,
          null,
          null,
          null,
          null,
          null,
          null,
          null,
          null,
          null,
          null,
          null,
          null,
          null,
          null,
          null,
          null,
          null,
          null,
          null,
          null,
          null,
          null,
          null,
          null,
          null,
          null,
          null,
          null,
          null,
          null,
          null,
          null,
          null,
          null,
          null,
          null,
          null,
          null,
          null,
          null,
          null,
          null,
          null,
          null,
          null,
          null,
          null,
          null,
          null,
          null,
          null,
          null,
          null,
          null,
          null,
          null,
          null,
          null,
          null,
          null,
          null,
          null,
          null,
          null,
          null,
          null,
          null,
          null,
          null,
          null,
          null,
          null,
          null,
          null,
          null,
          null,
          null,
          null,
          null,
          null,
          null,
          null,
          null,
          null,
          null,
          null,
          null,
          null,
          null,
          null,
          null,
          null,
          null,
          null,
          null,
          null,
          null,
          null,
          null,
          null,
          null,
          null,
          null,
          null,
          null,
          null,
          null,
          null,
          null,
          null,
          null,
          null,
          null,
          null,
          null,
          null,
          null,
          null,
          null,
          null,
          null,
          null,
          null,
          null,
          null,
          null,
          null,
          null,
          null,
          null,
          null,
          null,
          null,
          null,
          null,
          null,
          null,
          null,
          null,
          null,
          null,
          null,
          null,
          null,
          null,
          null,
          null,
          null,
          null,
          null,
          null,
          null,
          null,
          null,
          null,
          null,
          null,
          null,
          null,
          null,
          null,
          null,
          null,
          null,
          null,
          null,
          null,
          null,
          null,
          null,
          null,
          null,
          null,
          null,
          null,
          null,
          null,
          null,
          null,
          null,
          null,
          null,
          null,
          null,
          null,
          null,
          null,
          null,
          null,
          null,
          null,
          null,
          null,
          null,
          null,
          null,
          null,
          null,
          null,
          null,
          null,
          null,
          null,
          null,
          null,
          null,
          null,
          null,
          null,
          null,
          null,
          null,
          null,
          null,
          null,
          null,
          null,
          null,
          null,
          null,
          null,
          null,
          null,
          null,
          null,
          null,
          null,
          null,
          null,
          null,
          null,
          null,
          null,
          null,
          null,
          null,
          null,
          null,
          null,
          null,
          null,
          null,
          null,
          null,
          null,
          null,
          null,
          null,
          null,
          null,
          null,
          null,
          null,
          null,
          null,
          null,
          null,
          null,
          null,
          null,
          null,
          null,
          null,
          null,
          null,
          null,
          null,
          null,
          null,
          null,
          null,
          null,
          null,
          null,
          null,
          null,
          null,
          null,
          null,
          null,
          null,
          null,
          null,
          null,
          null,
          null,
          null,
          null,
          null,
          null,
          null,
          null,
          null,
          null,
          null,
          null,
          null,
          null,
          null,
          null,
          null,
          null,
          null,
          null,
          null,
          null,
          null,
          null,
          null,
          null,
          null,
          null,
          null,
          null,
          null,
          null,
          null,
          null,
          null,
          null,
          null,
          null,
          null,
          null,
          null,
          null,
          null,
          null,
          null,
          null,
          null,
          null,
          null,
          null,
          null,
          null,
          null,
          null,
          null,
          null,
          null,
          null,
          null,
          null,
          null,
          null,
          null,
          null,
          null,
          null,
          null,
          null,
          null,
          null,
          null,
          null,
          null,
          null,
          null,
          null,
          null,
          null,
          null,
          null,
          null,
          null,
          null,
          null,
          null,
          null,
          null,
          null,
          null,
          null,
          null,
          null,
          null,
          null,
          null,
          null,
          null,
          null,
          null,
          null,
          null,
          null,
          null,
          null,
          null,
          null,
          null,
          null,
          null,
          null,
          null,
          null,
          null,
          null,
          null,
          null,
          null,
          null,
          null,
          null,
          null,
          null,
          null,
          null,
          null,
          null,
          null,
          null,
          null,
          null,
          null,
          null,
          null,
          null,
          null,
          null,
          null,
          null,
          null,
          null,
          null,
          null,
          null,
          null,
          null,
          null,
          null,
          null,
          null,
          null,
          null,
          null,
          null,
          null,
          null,
          null,
          null,
          null,
          null,
          null,
          null,
          null,
          null,
          null,
          null,
          null,
          null,
          null,
          null,
          null,
          null,
          null,
          null,
          null,
          null,
          null,
          null,
          null,
          null,
          null,
          null,
          null,
          null,
          null,
          null,
          null,
          null,
          null,
          null,
          null,
          null,
          null,
          null,
          null,
          null,
          null,
          null,
          null,
          null,
          null,
          null,
          null,
          null,
          null,
          null,
          null,
          null,
          null,
          null,
          null,
          null,
          null,
          null,
          null,
          null,
          null,
          null,
          null,
          null,
          null,
          null,
          null,
          null,
          null,
          null,
          null,
          null,
          null,
          null,
          null,
          null,
          null,
          null,
          null,
          null,
          null,
          null,
          null,
          null,
          null,
          null,
          null,
          null,
          null,
          null,
          null,
          null,
          null,
          null,
          null,
          null,
          null,
          null,
          null,
          null,
          null,
          null,
          null,
          null,
          null,
          null,
          null,
          null,
          null,
          null,
          null,
          null,
          null,
          null,
          null,
          null,
          null,
          null,
          null,
          null,
          null,
          null,
          null,
          null,
          null,
          null,
          null,
          null,
          null,
          null,
          null,
          null,
          null,
          null,
          null,
          null,
          null,
          null,
          null,
          null,
          null,
          null,
          null,
          null,
          null,
          null,
          null,
          null,
          null,
          null,
          null,
          null,
          null,
          null,
          null,
          null,
          null,
          null,
          null,
          null,
          null,
          null,
          null,
          null,
          null,
          null,
          null,
          null,
          null,
          null,
          null,
          null,
          null,
          null,
          null,
          null,
          null,
          null,
          null,
          null,
          null,
          null,
          null,
          null,
          null,
          null,
          null,
          null,
          null,
          null,
          null,
          null,
          null,
          null,
          null,
          null,
          null,
          null,
          null,
          null,
          null,
          null,
          null,
          null,
          null,
          null,
          null,
          null,
          null,
          null,
          null,
          null,
          null,
          null,
          null,
          null,
          null,
          null,
          null,
          null,
          null,
          null,
          null,
          null,
          null,
          null,
          null,
          null,
          null,
          null,
          null,
          null,
          null,
          null,
          null,
          null,
          null,
          null
        ]
      },
      "/Users/mulgogi/src/mn/coradoc/coradoc-markdown/lib/coradoc/markdown/model/abbreviation.rb": {
        "lines": [
          null,
          null,
          1,
          1,
          null,
          null,
          null,
          null,
          null,
          null,
          null,
          null,
          null,
          null,
          null,
          null,
          null,
          null,
          1,
          null,
          1,
          null,
          null,
          1,
          null,
          null,
          null
        ]
      },
      "/Users/mulgogi/src/mn/coradoc/coradoc-markdown/lib/coradoc/markdown/model/base.rb": {
        "lines": [
          null,
          null,
          1,
          1,
          null,
          null,
          null,
          null,
          null,
          1,
          1,
          null,
          null,
          null,
          null,
          1,
          null,
          null,
          1,
          null,
          null,
          1,
          null,
          null,
          1,
          4,
          null,
          2,
          2,
          0,
          2,
          0,
          2,
          1,
          1,
          1,
          null,
          1,
          null,
          2,
          null,
          null,
          1,
          1,
          4,
          4,
          4,
          null,
          1,
          null,
          null,
          null,
          1,
          0,
          null,
          0,
          null,
          0,
          null,
          0,
          null,
          0,
          null,
          null,
          null,
          null,
          1,
          1,
          4,
          null,
          null,
          null,
          null,
          1,
          0,
          null,
          null,
          null,
          null
        ]
      },
      "/Users/mulgogi/src/mn/coradoc/coradoc-markdown/lib/coradoc/markdown/model/heading.rb": {
        "lines": [
          null,
          null,
          1,
          1,
          null,
          null,
          null,
          null,
          null,
          1,
          1,
          1,
          null,
          1,
          141,
          141,
          141,
          null,
          null,
          null,
          null,
          null,
          null,
          null,
          1,
          29,
          null,
          null,
          27,
          null,
          null,
          null,
          27,
          null,
          null,
          null,
          null,
          null,
          1,
          22,
          null,
          null,
          null,
          null
        ]
      },
      "/Users/mulgogi/src/mn/coradoc/coradoc-markdown/lib/coradoc/markdown/model/definition_list.rb": {
        "lines": [
          null,
          null,
          1,
          1,
          null,
          1,
          1,
          null,
          null,
          null,
          null,
          null,
          null,
          null,
          null,
          null,
          null,
          null,
          null,
          null,
          null,
          null,
          null,
          null,
          null,
          null,
          null,
          null,
          null,
          null,
          null,
          null,
          1,
          null,
          1,
          null,
          null,
          1,
          1,
          1,
          1,
          1,
          1,
          null,
          1,
          null,
          null,
          null,
          null,
          null
        ]
      },
      "/Users/mulgogi/src/mn/coradoc/coradoc-markdown/lib/coradoc/markdown/model/definition_term.rb": {
        "lines": [
          null,
          null,
          1,
          1,
          null,
          null,
          null,
          null,
          null,
          null,
          null,
          null,
          1,
          null,
          1,
          null,
          null,
          1,
          null,
          null,
          null
        ]
      },
      "/Users/mulgogi/src/mn/coradoc/coradoc-markdown/lib/coradoc/markdown/model/definition_item.rb": {
        "lines": [
          null,
          null,
          1,
          1,
          null,
          null,
          null,
          null,
          null,
          null,
          null,
          null,
          1,
          null,
          1,
          null,
          null,
          1,
          null,
          null,
          1,
          null,
          null,
          null
        ]
      },
      "/Users/mulgogi/src/mn/coradoc/coradoc-markdown/lib/coradoc/markdown/model/footnote.rb": {
        "lines": [
          null,
          null,
          1,
          1,
          null,
          null,
          null,
          null,
          null,
          null,
          null,
          null,
          null,
          null,
          null,
          null,
          1,
          null,
          1,
          null,
          null,
          1,
          null,
          null,
          1,
          null,
          null,
          1,
          null,
          null,
          null
        ]
      },
      "/Users/mulgogi/src/mn/coradoc/coradoc-markdown/lib/coradoc/markdown/model/footnote_reference.rb": {
        "lines": [
          null,
          null,
          1,
          1,
          null,
          null,
          null,
          null,
          null,
          null,
          null,
          1,
          null,
          1,
          null,
          null,
          1,
          1,
          null,
          null,
          null,
          null
        ]
      },
      "/Users/mulgogi/src/mn/coradoc/coradoc-markdown/lib/coradoc/markdown/model/document.rb": {
        "lines": [
          null,
          null,
          1,
          1,
          null,
          null,
          null,
          null,
          null,
          null,
          null,
          null,
          null,
          null,
          null,
          null,
          null,
          1,
          1,
          null,
          null,
          null,
          1,
          2,
          null,
          null,
          null,
          null,
          1,
          1,
          null,
          null,
          null,
          1,
          1,
          null,
          null,
          null,
          null
        ]
      },
      "/Users/mulgogi/src/mn/coradoc/coradoc-markdown/lib/coradoc/markdown/model/paragraph.rb": {
        "lines": [
          null,
          null,
          1,
          1,
          null,
          null,
          null,
          null,
          null,
          1,
          1,
          null,
          1,
          656,
          656,
          null,
          null,
          null,
          null
        ]
      },
      "/Users/mulgogi/src/mn/coradoc/coradoc-markdown/lib/coradoc/markdown/model/text.rb": {
        "lines": [
          null,
          null,
          1,
          1,
          null,
          null,
          1,
          1,
          null,
          1,
          0,
          null,
          null,
          null,
          null
        ]
      },
      "/Users/mulgogi/src/mn/coradoc/coradoc-markdown/lib/coradoc/markdown/model/list.rb": {
        "lines": [
          null,
          null,
          1,
          1,
          null,
          null,
          null,
          null,
          null,
          null,
          null,
          null,
          null,
          null,
          null,
          1,
          1,
          1,
          1,
          null,
          null,
          null
        ]
      },
      "/Users/mulgogi/src/mn/coradoc/coradoc-markdown/lib/coradoc/markdown/model/list_item.rb": {
        "lines": [
          null,
          null,
          1,
          1,
          null,
          null,
          1,
          1,
          1,
          1,
          null,
          null,
          null
        ]
      },
      "/Users/mulgogi/src/mn/coradoc/coradoc-markdown/lib/coradoc/markdown/model/blockquote.rb": {
        "lines": [
          null,
          null,
          1,
          1,
          null,
          null,
          null,
          null,
          null,
          null,
          null,
          1,
          1,
          null,
          1,
          33,
          33,
          null,
          null,
          null,
          null
        ]
      },
      "/Users/mulgogi/src/mn/coradoc/coradoc-markdown/lib/coradoc/markdown/model/code_block.rb": {
        "lines": [
          null,
          null,
          1,
          1,
          null,
          null,
          null,
          null,
          null,
          null,
          null,
          null,
          1,
          1,
          1,
          null,
          1,
          82,
          82,
          82,
          null,
          null,
          null,
          null
        ]
      },
      "/Users/mulgogi/src/mn/coradoc/coradoc-markdown/lib/coradoc/markdown/model/code.rb": {
        "lines": [
          null,
          null,
          1,
          1,
          null,
          null,
          1,
          1,
          null,
          null,
          null
        ]
      },
      "/Users/mulgogi/src/mn/coradoc/coradoc-markdown/lib/coradoc/markdown/model/emphasis.rb": {
        "lines": [
          null,
          null,
          1,
          1,
          null,
          null,
          1,
          1,
          null,
          null,
          null
        ]
      },
      "/Users/mulgogi/src/mn/coradoc/coradoc-markdown/lib/coradoc/markdown/model/strong.rb": {
        "lines": [
          null,
          null,
          1,
          1,
          null,
          null,
          1,
          1,
          null,
          null,
          null
        ]
      },
      "/Users/mulgogi/src/mn/coradoc/coradoc-markdown/lib/coradoc/markdown/model/link.rb": {
        "lines": [
          null,
          null,
          1,
          1,
          null,
          null,
          null,
          null,
          null,
          null,
          null,
          null,
          1,
          1,
          1,
          1,
          null,
          null,
          null
        ]
      },
      "/Users/mulgogi/src/mn/coradoc/coradoc-markdown/lib/coradoc/markdown/model/image.rb": {
        "lines": [
          null,
          null,
          1,
          1,
          null,
          null,
          null,
          null,
          null,
          null,
          null,
          null,
          1,
          1,
          1,
          1,
          null,
          null,
          null
        ]
      },
      "/Users/mulgogi/src/mn/coradoc/coradoc-markdown/lib/coradoc/markdown/model/table.rb": {
        "lines": [
          null,
          null,
          1,
          1,
          null,
          null,
          1,
          1,
          1,
          1,
          null,
          null,
          null
        ]
      },
      "/Users/mulgogi/src/mn/coradoc/coradoc-markdown/lib/coradoc/markdown/model/horizontal_rule.rb": {
        "lines": [
          null,
          null,
          1,
          1,
          null,
          null,
          1,
          1,
          null,
          1,
          18,
          18,
          null,
          null,
          null,
          null
        ]
      },
      "/Users/mulgogi/src/mn/coradoc/coradoc-markdown/lib/coradoc/markdown/model/math.rb": {
        "lines": [
          null,
          null,
          1,
          null,
          1,
          1,
          null,
          null,
          null,
          null,
          null,
          null,
          null,
          null,
          null,
          1,
          1,
          1,
          null,
          null,
          null,
          1,
          4,
          null,
          null,
          null,
          null,
          null,
          1,
          1,
          null,
          null,
          null,
          null,
          null,
          1,
          1,
          null,
          null,
          null,
          null,
          1,
          2,
          1,
          null,
          1,
          null,
          null,
          null,
          null,
          null,
          1,
          0,
          0,
          null,
          0,
          null,
          null,
          null,
          null,
          null
        ]
      },
      "/Users/mulgogi/src/mn/coradoc/coradoc-markdown/lib/coradoc/markdown/model/extension.rb": {
        "lines": [
          null,
          null,
          1,
          null,
          1,
          1,
          null,
          null,
          null,
          null,
          null,
          null,
          null,
          null,
          null,
          1,
          1,
          1,
          1,
          1,
          null,
          null,
          1,
          null,
          null,
          null,
          null,
          null,
          null,
          null,
          null,
          null,
          null,
          null,
          null,
          1,
          1,
          null,
          null,
          null,
          null,
          null,
          1,
          0,
          null,
          null,
          null,
          null,
          null,
          1,
          0,
          null,
          null,
          null,
          null,
          null,
          1,
          0,
          null,
          null,
          null,
          null,
          null,
          1,
          0,
          null,
          null,
          null,
          null,
          1,
          2,
          null,
          null,
          null,
          null,
          1,
          0,
          0,
          0,
          null,
          0,
          null,
          null,
          null,
          null,
          null,
          1,
          0,
          null,
          0,
          0,
          0,
          null,
          0,
          null,
          0,
          null,
          0,
          null,
          null,
          null,
          1,
          null,
          1,
          0,
          0,
          null,
          null,
          null,
          null,
          null
        ]
      },
      "/Users/mulgogi/src/mn/coradoc/coradoc-markdown/lib/coradoc/markdown/model/attribute_list.rb": {
        "lines": [
          null,
          null,
          1,
          1,
          null,
          1,
          1,
          null,
          null,
          null,
          null,
          null,
          null,
          null,
          null,
          null,
          null,
          null,
          1,
          1,
          1,
          1,
          1,
          null,
          null,
          null,
          null,
          1,
          1,
          null,
          null,
          1,
          null,
          1,
          null,
          null,
          1,
          0,
          0,
          null,
          null,
          null,
          1,
          null,
          1,
          null,
          null,
          null,
          null,
          null,
          1,
          0,
          null,
          0,
          0,
          0,
          0,
          null,
          null,
          null,
          null,
          null,
          1,
          0,
          null,
          null,
          null,
          null,
          1,
          3,
          null,
          null,
          null,
          null,
          1,
          0,
          0,
          0,
          0,
          0,
          null,
          0,
          null,
          null,
          null,
          null,
          1,
          1,
          null,
          1,
          1,
          2,
          1,
          null,
          1,
          null,
          null,
          null,
          null,
          1,
          0,
          0,
          0,
          0,
          null,
          0,
          null,
          null,
          1,
          null,
          1,
          2,
          null,
          1,
          null,
          1,
          null,
          0,
          null,
          null,
          null,
          null,
          null,
          null
        ]
      },
      "/Users/mulgogi/src/mn/coradoc/coradoc-markdown/lib/coradoc/markdown/parser_util.rb": {
        "lines": [
          null,
          null,
          1,
          null,
          1,
          1,
          null,
          1,
          null,
          null,
          null,
          null,
          null,
          null,
          null,
          null,
          1,
          null,
          null,
          null,
          1,
          74,
          74,
          null,
          74,
          92,
          92,
          null,
          91,
          53,
          38,
          20,
          18,
          18,
          18,
          18,
          0,
          null,
          null,
          null,
          null,
          74,
          null,
          null,
          null,
          null,
          null,
          1,
          65,
          65,
          null,
          63,
          63,
          78,
          null,
          48,
          null,
          17,
          null,
          13,
          null,
          null,
          null,
          63,
          null,
          null,
          null,
          null,
          null,
          null,
          1,
          18,
          16,
          16,
          16,
          2,
          1,
          1,
          1,
          1,
          1,
          null,
          0,
          null,
          null,
          1,
          null,
          null,
          null,
          null
        ]
      },
      "/Users/mulgogi/src/mn/coradoc/coradoc-markdown/lib/coradoc/markdown/parser/block_parser.rb": {
        "lines": [
          null,
          null,
          1,
          null,
          1,
          1,
          1,
          1,
          1,
          null,
          null,
          null,
          1,
          0,
          0,
          0,
          0,
          null,
          null,
          null,
          335,
          330,
          null,
          335,
          null,
          335,
          1,
          42,
          null,
          335,
          335,
          null,
          335,
          null,
          null,
          null,
          null,
          null,
          null,
          null,
          null,
          null,
          1,
          5933,
          null,
          6489,
          1599,
          null,
          4890,
          null,
          null,
          null,
          null,
          1,
          1788,
          1120,
          1120,
          1120,
          1120,
          null,
          1120,
          null,
          null,
          null,
          1,
          48,
          null,
          null,
          48,
          null,
          null,
          null,
          1,
          334,
          null,
          null,
          1,
          334,
          null,
          null,
          null,
          null,
          null,
          null,
          334,
          null,
          null,
          334,
          null,
          null,
          null,
          null,
          null,
          null,
          1,
          1002,
          null,
          null,
          1,
          334,
          null,
          334,
          null,
          null,
          null,
          null,
          1,
          334,
          null,
          null,
          1,
          42,
          null,
          42,
          42,
          null,
          null,
          null,
          1,
          null,
          334,
          null,
          334,
          334,
          null,
          null,
          null,
          null,
          1,
          null,
          null,
          334,
          19,
          19,
          19,
          null,
          null,
          null,
          1,
          334,
          334,
          null,
          null,
          null,
          null,
          1,
          8,
          50,
          null,
          null,
          null,
          null,
          1,
          334,
          34,
          34,
          0,
          null,
          34,
          null,
          null,
          null,
          null,
          1,
          334,
          null,
          334,
          null,
          null,
          334,
          null,
          null,
          334,
          null,
          null,
          null,
          1,
          334,
          null,
          null,
          null,
          null,
          null,
          null,
          null,
          null,
          null,
          null,
          1,
          403,
          null,
          489,
          113,
          null,
          376,
          null,
          null,
          null,
          null,
          1,
          334,
          403,
          null,
          403,
          null,
          403,
          403,
          null,
          null,
          null,
          null,
          null,
          null,
          1,
          334,
          null,
          null,
          1,
          334,
          null,
          null,
          null,
          null,
          1,
          334,
          null,
          null,
          1,
          197,
          null,
          null,
          null,
          1,
          null,
          null,
          null,
          334,
          1385,
          null,
          1385,
          null,
          1385,
          null,
          null,
          null,
          null,
          null,
          null,
          1,
          334,
          null,
          334,
          null,
          null,
          null,
          null,
          null,
          1,
          334,
          334,
          null,
          null,
          334,
          null,
          334,
          null,
          null,
          null,
          null,
          null,
          null,
          null,
          null,
          null,
          null,
          null,
          null,
          1,
          35,
          null,
          null,
          1,
          35,
          null,
          null,
          1,
          35,
          null,
          35,
          null,
          null,
          null,
          null,
          null,
          1,
          null,
          35,
          35,
          null,
          null,
          null,
          1,
          334,
          null,
          null,
          null,
          null,
          1,
          10,
          null,
          null,
          1,
          334,
          null,
          null,
          null,
          null,
          1,
          6,
          null,
          null,
          1,
          5,
          null,
          5,
          null,
          null,
          null,
          null,
          null,
          1,
          6,
          null,
          null,
          1,
          334,
          null,
          null,
          1,
          334,
          null,
          null,
          null,
          null,
          1,
          334,
          null,
          null,
          null,
          1,
          334,
          null,
          null,
          null,
          null,
          null,
          null,
          null,
          1,
          334,
          null,
          null,
          null,
          null,
          null,
          1,
          null,
          334,
          null,
          334,
          null,
          null,
          null,
          null,
          null,
          334,
          null,
          null,
          null,
          null,
          334,
          null,
          null,
          null,
          null,
          null,
          null,
          null,
          null,
          1,
          12,
          null,
          null,
          null,
          null,
          null,
          1,
          null,
          12,
          null,
          12,
          null,
          null,
          null,
          null,
          null,
          12,
          null,
          null,
          null,
          null,
          12,
          null,
          null,
          null,
          null,
          null,
          null,
          null,
          null,
          1,
          334,
          null,
          null,
          null,
          null,
          334,
          null,
          null,
          null,
          1,
          334,
          null,
          null,
          null,
          null,
          null,
          null,
          null,
          null,
          null,
          null,
          null,
          1,
          36,
          null,
          null,
          null,
          null,
          null,
          1,
          334,
          null,
          null,
          null,
          null,
          null,
          1,
          334,
          null,
          null,
          null,
          null,
          null,
          null,
          null,
          null,
          1,
          18,
          null,
          null,
          null,
          null,
          null,
          null,
          null,
          1,
          21,
          null,
          21,
          21,
          null,
          null,
          null,
          null,
          1,
          null,
          36,
          36,
          36,
          null,
          null,
          null,
          null,
          null,
          1,
          334,
          null,
          334,
          null,
          null,
          null,
          null,
          null,
          1,
          38,
          null,
          38,
          null,
          null,
          null,
          null,
          null,
          null,
          1,
          6,
          6,
          null,
          null,
          null,
          1,
          null,
          6,
          null,
          6,
          null,
          null,
          null,
          null,
          null,
          null,
          null,
          1,
          0,
          null,
          null,
          null,
          1,
          null,
          0,
          null,
          0,
          null,
          null,
          null,
          null,
          null,
          null,
          null,
          1,
          6,
          null,
          null,
          null,
          1,
          6,
          null,
          null,
          null,
          1,
          0,
          null,
          null,
          null,
          1,
          null,
          38,
          null,
          38,
          null,
          null,
          null,
          null,
          null,
          null,
          null,
          null,
          1,
          334,
          null,
          null,
          null,
          null,
          1,
          null,
          334,
          null,
          334,
          null,
          null,
          null,
          null,
          null,
          null,
          null,
          null,
          1,
          null,
          334,
          null,
          334,
          null,
          null,
          null,
          null,
          null,
          null,
          null,
          null,
          null,
          null,
          1,
          334,
          null,
          null,
          null,
          null,
          null,
          null,
          1,
          334,
          null,
          null,
          null,
          null,
          null,
          1,
          null,
          334,
          null,
          334,
          null,
          null,
          null,
          null,
          null,
          null,
          null,
          null,
          1,
          null,
          13,
          null,
          13,
          null,
          null,
          null,
          null,
          null,
          null,
          null,
          null,
          null,
          1,
          142,
          null,
          null,
          null,
          1,
          334,
          null,
          334,
          null,
          null,
          null,
          null,
          null,
          1,
          null,
          334,
          null,
          334,
          null,
          null,
          null,
          null,
          null,
          null,
          null,
          null,
          null,
          1,
          334,
          null,
          null,
          1,
          334,
          null,
          null,
          null,
          null,
          null,
          334,
          null,
          null,
          null,
          null,
          null,
          null,
          null,
          null,
          1,
          334,
          null,
          null,
          1,
          334,
          null,
          null,
          null,
          null,
          null,
          null,
          null,
          null,
          null,
          null,
          1,
          334,
          null,
          null,
          1,
          1,
          334,
          null,
          null,
          1,
          0,
          0,
          null,
          0,
          null,
          null,
          null,
          1,
          0,
          0,
          null,
          0,
          0,
          null,
          null,
          null,
          null,
          null
        ]
      },
      "/Users/mulgogi/src/mn/coradoc/coradoc-markdown/lib/coradoc/markdown/toc_generator.rb": {
        "lines": [
          null,
          null,
          1,
          1,
          1,
          null,
          1,
          1,
          null,
          null,
          null,
          null,
          null,
          null,
          null,
          null,
          null,
          null,
          null,
          null,
          null,
          null,
          null,
          null,
          null,
          1,
          null,
          1,
          null,
          null,
          null,
          null,
          null,
          null,
          null,
          null,
          1,
          1,
          null,
          1,
          35,
          35,
          35,
          35,
          35,
          null,
          null,
          1,
          7,
          7,
          7,
          7,
          7,
          3,
          null,
          null,
          null,
          null,
          null,
          null,
          1,
          5,
          5,
          5,
          null,
          null,
          null,
          null,
          null,
          null,
          null,
          null,
          null,
          null,
          null,
          null,
          null,
          1,
          10,
          null,
          null,
          null,
          null,
          null,
          null,
          null,
          1,
          2,
          2,
          null,
          null,
          null,
          null,
          null,
          null,
          null,
          1,
          1,
          1,
          null,
          1,
          null,
          null,
          1,
          10,
          10,
          10,
          10,
          null,
          null,
          null,
          null,
          null,
          null,
          1,
          10,
          10,
          null,
          8,
          8,
          8,
          null,
          null,
          1,
          null,
          null,
          1,
          10,
          10,
          null,
          10,
          25,
          22,
          3,
          null,
          0,
          null,
          null,
          null,
          10,
          null,
          null,
          1,
          0,
          0,
          null,
          0,
          0,
          0,
          0,
          0,
          null,
          null,
          null,
          0,
          null,
          null,
          1,
          22,
          null,
          null,
          null,
          1,
          8,
          null,
          null,
          8,
          null,
          null,
          8,
          null,
          8,
          20,
          null,
          null,
          20,
          20,
          null,
          104,
          null,
          null,
          20,
          null,
          null,
          20,
          null,
          null,
          null,
          null,
          null,
          null,
          null,
          20,
          null,
          null,
          20,
          null,
          null,
          20,
          null,
          null,
          null,
          1,
          3,
          3,
          5,
          null,
          3,
          null,
          null,
          1,
          20,
          20,
          null,
          20,
          null,
          null,
          null,
          null
        ]
      },
      "/Users/mulgogi/src/mn/coradoc/coradoc-markdown/lib/coradoc/markdown/transform/from_core_model.rb": {
        "lines": [
          null,
          null,
          1,
          1,
          1,
          null,
          null,
          null,
          null,
          1,
          1,
          null,
          null,
          null,
          null,
          1,
          29,
          null,
          2,
          null,
          7,
          null,
          2,
          null,
          2,
          null,
          1,
          null,
          1,
          null,
          6,
          null,
          3,
          null,
          1,
          null,
          2,
          null,
          3,
          null,
          1,
          null,
          null,
          null,
          1,
          null,
          1,
          2,
          null,
          1,
          null,
          1,
          null,
          0,
          null,
          null,
          null,
          1,
          2,
          null,
          1,
          null,
          null,
          null,
          null,
          null,
          1,
          1,
          null,
          null,
          null,
          null,
          null,
          1,
          0,
          null,
          0,
          null,
          null,
          null,
          null,
          null,
          1,
          7,
          null,
          4,
          null,
          3,
          null,
          null,
          null,
          1,
          4,
          null,
          null,
          1,
          3,
          null,
          3,
          null,
          1,
          null,
          1,
          null,
          1,
          null,
          0,
          null,
          null,
          null,
          1,
          1,
          null,
          null,
          null,
          null,
          null,
          1,
          1,
          null,
          1,
          null,
          null,
          1,
          1,
          null,
          null,
          1,
          2,
          3,
          null,
          null,
          2,
          null,
          null,
          null,
          null,
          null,
          1,
          null,
          1,
          1,
          null,
          1,
          1,
          1,
          1,
          null,
          null,
          1,
          3,
          1,
          null,
          null,
          null,
          1,
          3,
          null,
          null,
          null,
          1,
          null,
          null,
          null,
          null,
          null,
          1,
          1,
          null,
          null,
          null,
          null,
          null,
          1,
          6,
          null,
          1,
          null,
          1,
          null,
          1,
          null,
          1,
          null,
          null,
          null,
          null,
          1,
          null,
          1,
          null,
          null,
          null,
          1,
          2,
          2,
          2,
          null,
          2,
          null,
          null,
          null,
          null,
          null,
          2,
          null,
          null,
          1,
          3,
          null,
          null,
          null,
          null,
          null,
          null,
          1,
          1,
          null,
          null,
          1,
          2,
          null,
          null,
          null,
          null,
          null,
          null,
          null,
          null,
          null
        ]
      },
      "/Users/mulgogi/src/mn/coradoc/coradoc-markdown/lib/coradoc/markdown/transform/to_core_model.rb": {
        "lines": [
          null,
          null,
          1,
          null,
          1,
          1,
          1,
          null,
          null,
          null,
          null,
          1,
          1,
          null,
          null,
          null,
          null,
          1,
          33,
          null,
          2,
          null,
          3,
          null,
          5,
          null,
          1,
          null,
          1,
          null,
          2,
          null,
          3,
          null,
          0,
          null,
          1,
          null,
          1,
          null,
          1,
          null,
          1,
          null,
          1,
          null,
          4,
          null,
          1,
          null,
          2,
          null,
          1,
          null,
          1,
          null,
          3,
          null,
          1,
          null,
          null,
          null,
          1,
          null,
          1,
          6,
          null,
          2,
          null,
          null,
          null,
          null,
          null,
          null,
          null,
          1,
          3,
          null,
          null,
          null,
          null,
          null,
          null,
          null,
          1,
          5,
          null,
          5,
          null,
          null,
          null,
          null,
          null,
          1,
          1,
          null,
          null,
          null,
          null,
          null,
          null,
          null,
          1,
          1,
          null,
          null,
          null,
          null,
          null,
          null,
          1,
          2,
          3,
          null,
          3,
          null,
          null,
          null,
          2,
          2,
          null,
          null,
          null,
          null,
          1,
          null,
          0,
          null,
          null,
          0,
          0,
          null,
          0,
          null,
          null,
          null,
          null,
          null,
          0,
          0,
          0,
          null,
          0,
          null,
          0,
          null,
          null,
          0,
          null,
          null,
          1,
          1,
          null,
          null,
          null,
          null,
          null,
          1,
          1,
          null,
          null,
          null,
          null,
          null,
          null,
          1,
          3,
          null,
          null,
          null,
          null,
          null,
          1,
          1,
          null,
          null,
          null,
          null,
          null,
          1,
          3,
          3,
          4,
          null,
          3,
          null,
          null,
          null,
          null,
          null,
          3,
          null,
          null,
          1,
          4,
          null,
          null,
          null,
          null,
          null,
          null,
          1,
          1,
          null,
          null,
          1,
          2,
          null,
          null,
          null,
          null,
          null,
          1,
          17,
          17,
          null,
          0,
          null,
          null,
          1,
          null,
          2,
          2,
          null,
          null,
          null,
          null,
          null,
          null,
          null,
          null
        ]
      },
      "/Users/mulgogi/src/mn/coradoc/coradoc-markdown/lib/coradoc/markdown/transformer.rb": {
        "lines": [
          null,
          null,
          1,
          1,
          null,
          1,
          1,
          null,
          null,
          null,
          null,
          null,
          1,
          null,
          1,
          0,
          null,
          null,
          null,
          1,
          0,
          null,
          null,
          null,
          1,
          0,
          null,
          null,
          null,
          1,
          0,
          0,
          null,
          null,
          1,
          0,
          0,
          null,
          null,
          null,
          1,
          null,
          0,
          0,
          0,
          null,
          null,
          null,
          1,
          0,
          null,
          null,
          1,
          0,
          0,
          null,
          null,
          null,
          1,
          null,
          0,
          0,
          0,
          0,
          0,
          null,
          null,
          null,
          0,
          0,
          null,
          null,
          null,
          1,
          0,
          null,
          null,
          1,
          0,
          null,
          null,
          1,
          0,
          0,
          null,
          null,
          1,
          0,
          0,
          null,
          null,
          null,
          null,
          null,
          1,
          0,
          null,
          null,
          null,
          1,
          0,
          null,
          null,
          null,
          null,
          null,
          null,
          1,
          null,
          null,
          null,
          0,
          null,
          null,
          null,
          null,
          null,
          1,
          null,
          null,
          null,
          null,
          0,
          null,
          null,
          null,
          null,
          null,
          null,
          null,
          1,
          0,
          null,
          null,
          null,
          1,
          0,
          null,
          null,
          1,
          null,
          1,
          null,
          null,
          null,
          null,
          null,
          1,
          224,
          1280,
          224,
          null,
          null,
          null,
          1,
          1091,
          null,
          1091,
          null,
          null,
          1086,
          4,
          4,
          null,
          null,
          null,
          1082,
          53,
          null,
          53,
          null,
          53,
          null,
          null,
          null,
          1029,
          null,
          null,
          1019,
          null,
          null,
          1019,
          null,
          null,
          1019,
          null,
          null,
          1019,
          1019,
          null,
          null,
          69,
          0,
          69,
          0,
          null,
          null,
          null,
          0,
          null,
          3,
          null,
          2,
          null,
          null,
          null,
          null,
          1,
          4,
          4,
          4,
          4,
          null,
          null,
          null,
          1,
          10,
          10,
          null,
          10,
          2,
          8,
          8,
          null,
          0,
          null,
          10,
          null,
          10,
          null,
          null,
          null,
          null,
          null,
          null,
          null,
          1,
          1019,
          null,
          null,
          1019,
          123,
          123,
          123,
          null,
          123,
          123,
          null,
          null,
          896,
          null,
          null,
          881,
          12,
          12,
          12,
          12,
          12,
          null,
          null,
          869,
          66,
          66,
          66,
          66,
          null,
          null,
          803,
          30,
          37,
          65,
          30,
          30,
          30,
          null,
          null,
          773,
          643,
          643,
          643,
          643,
          null,
          null,
          null,
          130,
          null,
          null,
          114,
          26,
          26,
          26,
          55,
          null,
          0,
          null,
          26,
          null,
          null,
          null,
          88,
          19,
          null,
          null,
          null,
          null,
          null,
          null,
          null,
          null,
          null,
          1,
          null,
          null,
          16,
          16,
          16,
          null,
          16,
          54,
          null,
          54,
          null,
          23,
          7,
          null,
          null,
          null,
          null,
          null,
          null,
          23,
          23,
          31,
          null,
          31,
          31,
          null,
          null,
          null,
          null,
          16,
          16,
          null,
          null,
          null,
          null,
          null,
          16,
          null,
          null,
          null,
          1,
          0,
          0,
          0,
          0,
          0,
          null,
          null,
          null,
          null,
          1,
          57,
          null,
          null,
          null,
          1,
          8,
          null,
          8,
          8,
          null,
          8,
          16,
          16,
          null,
          16,
          9,
          9,
          7,
          2,
          1,
          1,
          1,
          null,
          0,
          null,
          9,
          null,
          null,
          7,
          null,
          null,
          null,
          8,
          null,
          null,
          null,
          1,
          53,
          null,
          53,
          0,
          null,
          53,
          53,
          null,
          null,
          null,
          null,
          null,
          null,
          null,
          null,
          1,
          643,
          null,
          459,
          null,
          828,
          null,
          0,
          null,
          null,
          null,
          null,
          1,
          78,
          null,
          99,
          null,
          49,
          null,
          0,
          null,
          null,
          null,
          null,
          1,
          111,
          null,
          41,
          null,
          98,
          0,
          98,
          98,
          null,
          0,
          null,
          null,
          0,
          null,
          0,
          null,
          null,
          null,
          null,
          null,
          null
        ]
      }
    },
    "timestamp": 1773020229
  }
}
